{
  "stats": {
    "suites": 12,
    "tests": 41,
    "passes": 21,
    "pending": 0,
    "failures": 20,
    "start": "2022-03-22T02:13:47.592Z",
    "end": "2022-03-22T02:15:27.408Z",
    "duration": 99816,
    "testsRegistered": 41,
    "passPercent": 51.21951219512195,
    "pendingPercent": 0,
    "other": 0,
    "hasOther": false,
    "skipped": 0,
    "hasSkipped": false
  },
  "results": [
    {
      "uuid": "dfe968a7-6fbc-4736-9e72-46798ac2e0bb",
      "title": "",
      "fullFile": "cypress/integration/project.spec.js",
      "file": "cypress/integration/project.spec.js",
      "beforeHooks": [],
      "afterHooks": [],
      "tests": [],
      "suites": [
        {
          "uuid": "1d5319fe-2abd-4bcf-8860-a19a9b6954a0",
          "title": "1 - Adicione à página o título \"Paleta de Cores\".",
          "fullFile": "",
          "file": "",
          "beforeHooks": [],
          "afterHooks": [],
          "tests": [
            {
              "title": "Verifica se contém um elemento `h1` com o id `title` com o título correto",
              "fullTitle": "1 - Adicione à página o título \"Paleta de Cores\". Verifica se contém um elemento `h1` com o id `title` com o título correto",
              "timedOut": null,
              "duration": 907,
              "state": "passed",
              "speed": "slow",
              "pass": true,
              "fail": false,
              "pending": false,
              "context": null,
              "code": "cy.get('h1#title').should('contain.text', 'Paleta de Cores');",
              "err": {},
              "uuid": "a5cdc050-2eb0-4a0d-aff2-c74ef895251a",
              "parentUUID": "1d5319fe-2abd-4bcf-8860-a19a9b6954a0",
              "isHook": false,
              "skipped": false
            }
          ],
          "suites": [],
          "passes": [
            "a5cdc050-2eb0-4a0d-aff2-c74ef895251a"
          ],
          "failures": [],
          "pending": [],
          "skipped": [],
          "duration": 907,
          "root": false,
          "rootEmpty": false,
          "_timeout": 2000
        },
        {
          "uuid": "4ff7d62c-d2b1-4c43-8143-f39b429fadb3",
          "title": "2 - Adicione à página uma paleta de quatro cores distintas.",
          "fullFile": "",
          "file": "",
          "beforeHooks": [],
          "afterHooks": [],
          "tests": [
            {
              "title": "A paleta de cores deve ser um elemento com `id` denominado `color-palette` e ter mais de 0px de altura e de largura.",
              "fullTitle": "2 - Adicione à página uma paleta de quatro cores distintas. A paleta de cores deve ser um elemento com `id` denominado `color-palette` e ter mais de 0px de altura e de largura.",
              "timedOut": null,
              "duration": 247,
              "state": "passed",
              "speed": "slow",
              "pass": true,
              "fail": false,
              "pending": false,
              "context": null,
              "code": "cy.get('#color-palette').should('be.visible');\ncy.get('#color-palette').children('.color');",
              "err": {},
              "uuid": "420a2f27-779d-4324-9def-120c403d419c",
              "parentUUID": "4ff7d62c-d2b1-4c43-8143-f39b429fadb3",
              "isHook": false,
              "skipped": false
            },
            {
              "title": "Verifica se cada cor individual da paleta de cores possui a `classe` chamada `color`.",
              "fullTitle": "2 - Adicione à página uma paleta de quatro cores distintas. Verifica se cada cor individual da paleta de cores possui a `classe` chamada `color`.",
              "timedOut": null,
              "duration": 135,
              "state": "passed",
              "speed": "slow",
              "pass": true,
              "fail": false,
              "pending": false,
              "context": null,
              "code": "cy.get('.color').should('have.length', 4).then(function (colors) {\n  for (var i = 0; i < colors.length; i++) {\n    cy.wrap(colors[i]).should('be.visible');\n  }\n});",
              "err": {},
              "uuid": "8f58802b-7fc2-49b1-b81c-e51344d7901d",
              "parentUUID": "4ff7d62c-d2b1-4c43-8143-f39b429fadb3",
              "isHook": false,
              "skipped": false
            },
            {
              "title": "Verifica se a cor de fundo de cada elemento da paleta é a cor que o elemento representa. **A única cor não permitida na paleta é a cor branca.**",
              "fullTitle": "2 - Adicione à página uma paleta de quatro cores distintas. Verifica se a cor de fundo de cada elemento da paleta é a cor que o elemento representa. **A única cor não permitida na paleta é a cor branca.**",
              "timedOut": null,
              "duration": 185,
              "state": "passed",
              "speed": "slow",
              "pass": true,
              "fail": false,
              "pending": false,
              "context": null,
              "code": "cy.get('.color').each(function (color) {\n  cy.wrap(color).should('have.class', 'color').and('not.have.css', 'background-color', WHITE);\n  cy.wrap(color).should('have.css', 'background-color');\n});",
              "err": {},
              "uuid": "8570480f-fe3b-451c-85ee-11a9de233a30",
              "parentUUID": "4ff7d62c-d2b1-4c43-8143-f39b429fadb3",
              "isHook": false,
              "skipped": false
            },
            {
              "title": "Verifica se cada elemento da paleta de cores tem uma borda preta, sólida e com 1 pixel de largura;",
              "fullTitle": "2 - Adicione à página uma paleta de quatro cores distintas. Verifica se cada elemento da paleta de cores tem uma borda preta, sólida e com 1 pixel de largura;",
              "timedOut": null,
              "duration": 117,
              "state": "passed",
              "speed": "slow",
              "pass": true,
              "fail": false,
              "pending": false,
              "context": null,
              "code": "cy.get('.color').each(function (color) {\n  cy.wrap(color).and('have.css', 'border', \"1px solid \".concat(BLACK)).and('have.class', 'color');\n});",
              "err": {},
              "uuid": "e169f971-3544-48ee-8d38-98b550695a85",
              "parentUUID": "4ff7d62c-d2b1-4c43-8143-f39b429fadb3",
              "isHook": false,
              "skipped": false
            },
            {
              "title": "Verifica se a paleta lista todas as cores disponíveis para utilização, lado a lado.",
              "fullTitle": "2 - Adicione à página uma paleta de quatro cores distintas. Verifica se a paleta lista todas as cores disponíveis para utilização, lado a lado.",
              "timedOut": null,
              "duration": 144,
              "state": "passed",
              "speed": "slow",
              "pass": true,
              "fail": false,
              "pending": false,
              "context": null,
              "code": "cy.get('.color').then(function (colors) {\n  for (var index = 1; index < colors.length; index += 1) {\n    var currentColor = colors[index];\n    var previousColor = colors[index - 1];\n    cy.wrap(currentColor).should('be.onTheRightOf', previousColor).and('be.horizontallyAlignedWith', previousColor);\n  }\n});",
              "err": {},
              "uuid": "76899168-17b4-4dfc-bd64-59015840f6f9",
              "parentUUID": "4ff7d62c-d2b1-4c43-8143-f39b429fadb3",
              "isHook": false,
              "skipped": false
            },
            {
              "title": "Verifica se a paleta de cores está posicionada abaixo do título 'Paleta de Cores'",
              "fullTitle": "2 - Adicione à página uma paleta de quatro cores distintas. Verifica se a paleta de cores está posicionada abaixo do título 'Paleta de Cores'",
              "timedOut": null,
              "duration": 164,
              "state": "passed",
              "speed": "slow",
              "pass": true,
              "fail": false,
              "pending": false,
              "context": null,
              "code": "cy.get('h1#title').then(function (title) {\n  cy.get('#color-palette').should('be.belowOf', title);\n});",
              "err": {},
              "uuid": "199d9119-3e03-4e51-a7f4-4ec8f34ed265",
              "parentUUID": "4ff7d62c-d2b1-4c43-8143-f39b429fadb3",
              "isHook": false,
              "skipped": false
            },
            {
              "title": "Verifica se a paleta de cores não contém cores repetidas.",
              "fullTitle": "2 - Adicione à página uma paleta de quatro cores distintas. Verifica se a paleta de cores não contém cores repetidas.",
              "timedOut": null,
              "duration": 154,
              "state": "passed",
              "speed": "slow",
              "pass": true,
              "fail": false,
              "pending": false,
              "context": null,
              "code": "cy.get('.color').then(function (colors) {\n  var allColors = Array.from(colors).map(function (color) {\n    return Cypress.$(color).css('background-color');\n  });\n  cy.log(allColors);\n  var uniqColors = (0, _toConsumableArray2[\"default\"])(new Set(allColors));\n  cy.log(uniqColors);\n  expect(allColors.length).to.eq(uniqColors.length);\n});",
              "err": {},
              "uuid": "6c8612f7-53e7-4381-adde-f2708c86ebfb",
              "parentUUID": "4ff7d62c-d2b1-4c43-8143-f39b429fadb3",
              "isHook": false,
              "skipped": false
            }
          ],
          "suites": [],
          "passes": [
            "420a2f27-779d-4324-9def-120c403d419c",
            "8f58802b-7fc2-49b1-b81c-e51344d7901d",
            "8570480f-fe3b-451c-85ee-11a9de233a30",
            "e169f971-3544-48ee-8d38-98b550695a85",
            "76899168-17b4-4dfc-bd64-59015840f6f9",
            "199d9119-3e03-4e51-a7f4-4ec8f34ed265",
            "6c8612f7-53e7-4381-adde-f2708c86ebfb"
          ],
          "failures": [],
          "pending": [],
          "skipped": [],
          "duration": 1146,
          "root": false,
          "rootEmpty": false,
          "_timeout": 2000
        },
        {
          "uuid": "4474ed38-df7e-4fe1-ac0f-dd6bc10202df",
          "title": "3 - Adicione a cor **preta** como a primeira cor da paleta de cores.",
          "fullFile": "",
          "file": "",
          "beforeHooks": [],
          "afterHooks": [],
          "tests": [
            {
              "title": "Verifica se a primeira cor da paleta é preta",
              "fullTitle": "3 - Adicione a cor **preta** como a primeira cor da paleta de cores. Verifica se a primeira cor da paleta é preta",
              "timedOut": null,
              "duration": 200,
              "state": "passed",
              "speed": "slow",
              "pass": true,
              "fail": false,
              "pending": false,
              "context": null,
              "code": "cy.get('.color').first().should('have.css', 'background-color', BLACK);",
              "err": {},
              "uuid": "7804a0ad-3e71-47b6-bf60-045838dcef81",
              "parentUUID": "4474ed38-df7e-4fe1-ac0f-dd6bc10202df",
              "isHook": false,
              "skipped": false
            },
            {
              "title": "Verifica se as demais cores podem ser escolhidas livremente.",
              "fullTitle": "3 - Adicione a cor **preta** como a primeira cor da paleta de cores. Verifica se as demais cores podem ser escolhidas livremente.",
              "timedOut": null,
              "duration": 248,
              "state": "passed",
              "speed": "slow",
              "pass": true,
              "fail": false,
              "pending": false,
              "context": null,
              "code": "cy.get('.color').eq(1).should('not.have.css', 'background-color', BLACK);\ncy.get('.color').eq(1).should('not.have.css', 'background-color', WHITE);\ncy.get('.color').eq(1).should('not.have.css', 'background-color', 'rgba(0, 0, 0, 0)');\ncy.get('.color').eq(1).should('have.css', 'background-color');\ncy.get('.color').eq(2).should('not.have.css', 'background-color', BLACK);\ncy.get('.color').eq(2).should('not.have.css', 'background-color', WHITE);\ncy.get('.color').eq(2).should('not.have.css', 'background-color', 'rgba(0, 0, 0, 0)');\ncy.get('.color').eq(2).should('have.css', 'background-color');\ncy.get('.color').eq(3).should('not.have.css', 'background-color', BLACK);\ncy.get('.color').eq(3).should('not.have.css', 'background-color', WHITE);\ncy.get('.color').eq(3).should('not.have.css', 'background-color', 'rgba(0, 0, 0, 0)');\ncy.get('.color').eq(3).should('have.css', 'background-color');",
              "err": {},
              "uuid": "5fab3169-57d2-4728-85da-7b0ff466f5f3",
              "parentUUID": "4474ed38-df7e-4fe1-ac0f-dd6bc10202df",
              "isHook": false,
              "skipped": false
            }
          ],
          "suites": [],
          "passes": [
            "7804a0ad-3e71-47b6-bf60-045838dcef81",
            "5fab3169-57d2-4728-85da-7b0ff466f5f3"
          ],
          "failures": [],
          "pending": [],
          "skipped": [],
          "duration": 448,
          "root": false,
          "rootEmpty": false,
          "_timeout": 2000
        },
        {
          "uuid": "888d47f2-6042-4998-b9ec-b18414a2f27e",
          "title": "4 - Adicione à página um quadro de pixels, com 25 pixels.",
          "fullFile": "",
          "file": "",
          "beforeHooks": [],
          "afterHooks": [],
          "tests": [
            {
              "title": "Verifica se o quadro de pixels possui o `id` denominado `pixel-board`",
              "fullTitle": "4 - Adicione à página um quadro de pixels, com 25 pixels. Verifica se o quadro de pixels possui o `id` denominado `pixel-board`",
              "timedOut": null,
              "duration": 143,
              "state": "passed",
              "speed": "slow",
              "pass": true,
              "fail": false,
              "pending": false,
              "context": null,
              "code": "cy.get('#pixel-board').should('be.visible');",
              "err": {},
              "uuid": "c2c6e036-57ad-48c9-bbfd-4ef4844c7aab",
              "parentUUID": "888d47f2-6042-4998-b9ec-b18414a2f27e",
              "isHook": false,
              "skipped": false
            },
            {
              "title": "Verifica se cada pixel individual dentro do quadro possui a `classe` denominada `pixel`.",
              "fullTitle": "4 - Adicione à página um quadro de pixels, com 25 pixels. Verifica se cada pixel individual dentro do quadro possui a `classe` denominada `pixel`.",
              "timedOut": null,
              "duration": 170,
              "state": "passed",
              "speed": "slow",
              "pass": true,
              "fail": false,
              "pending": false,
              "context": null,
              "code": "cy.get('.pixel').should('have.length', 25);",
              "err": {},
              "uuid": "30d95c76-8b2a-4ce0-99a1-7820e1389e2c",
              "parentUUID": "888d47f2-6042-4998-b9ec-b18414a2f27e",
              "isHook": false,
              "skipped": false
            },
            {
              "title": "Verifica se a cor inicial dos pixels dentro do quadro, ao abrir a página, é branca.",
              "fullTitle": "4 - Adicione à página um quadro de pixels, com 25 pixels. Verifica se a cor inicial dos pixels dentro do quadro, ao abrir a página, é branca.",
              "timedOut": null,
              "duration": 198,
              "state": "passed",
              "speed": "slow",
              "pass": true,
              "fail": false,
              "pending": false,
              "context": null,
              "code": "cy.get('.pixel').should('have.length', 25).each(function (pixel) {\n  expect(pixel).to.have.css('background-color', WHITE);\n});",
              "err": {},
              "uuid": "d24151bb-90c8-456a-9e19-155cc0e73004",
              "parentUUID": "888d47f2-6042-4998-b9ec-b18414a2f27e",
              "isHook": false,
              "skipped": false
            },
            {
              "title": "Verifica se o quadro de pixels aparece abaixo da paleta de cores",
              "fullTitle": "4 - Adicione à página um quadro de pixels, com 25 pixels. Verifica se o quadro de pixels aparece abaixo da paleta de cores",
              "timedOut": null,
              "duration": 137,
              "state": "passed",
              "speed": "slow",
              "pass": true,
              "fail": false,
              "pending": false,
              "context": null,
              "code": "cy.get('#color-palette').then(function (palette) {\n  cy.get('#pixel-board').should('be.belowOf', palette);\n});",
              "err": {},
              "uuid": "47e5a8f4-7998-4ec2-a4f1-ec65875a506a",
              "parentUUID": "888d47f2-6042-4998-b9ec-b18414a2f27e",
              "isHook": false,
              "skipped": false
            }
          ],
          "suites": [],
          "passes": [
            "c2c6e036-57ad-48c9-bbfd-4ef4844c7aab",
            "30d95c76-8b2a-4ce0-99a1-7820e1389e2c",
            "d24151bb-90c8-456a-9e19-155cc0e73004",
            "47e5a8f4-7998-4ec2-a4f1-ec65875a506a"
          ],
          "failures": [],
          "pending": [],
          "skipped": [],
          "duration": 648,
          "root": false,
          "rootEmpty": false,
          "_timeout": 2000
        },
        {
          "uuid": "d71c03ae-444d-4288-870e-8922bf3b1db0",
          "title": "5 - Faça com que cada elemento do quadro de pixels possua 40 pixels de largura, 40 pixels de altura e seja delimitado por uma borda preta de 1 pixel.",
          "fullFile": "",
          "file": "",
          "beforeHooks": [],
          "afterHooks": [],
          "tests": [
            {
              "title": "Verifica se o quadro de pixels tem altura e comprimento de 5 elementos",
              "fullTitle": "5 - Faça com que cada elemento do quadro de pixels possua 40 pixels de largura, 40 pixels de altura e seja delimitado por uma borda preta de 1 pixel. Verifica se o quadro de pixels tem altura e comprimento de 5 elementos",
              "timedOut": null,
              "duration": 365,
              "state": "passed",
              "speed": "slow",
              "pass": true,
              "fail": false,
              "pending": false,
              "context": null,
              "code": "cy.get('.pixel').should('have.length', 25).each(function (pixel) {\n  expect(pixel).to.have.css('background-color', WHITE);\n}).and(function (pixels) {\n  var rows = chunk(pixels, 5);\n  rows.forEach(function (row) {\n    for (var index = 1; index < row.length; index += 1) {\n      var current = pixels[index];\n      var previous = pixels[index - 1];\n      cy.wrap(current).should('be.onTheRightOf', previous).and('be.horizontallyAlignedWith', previous);\n    }\n  });\n  for (var index = 1; index < 5; index += 1) {\n    expect(pixels[index * 5]).to.be.belowOf(pixels[(index - 1) * 5]);\n  }\n});",
              "err": {},
              "uuid": "c1078bc1-d6fe-464b-92e5-e9f894236d21",
              "parentUUID": "d71c03ae-444d-4288-870e-8922bf3b1db0",
              "isHook": false,
              "skipped": false
            },
            {
              "title": "Verifica se 40 pixels é o tamanho total do elemento, incluindo seu conteúdo e excluindo a borda preta, que deve ser criada à parte.",
              "fullTitle": "5 - Faça com que cada elemento do quadro de pixels possua 40 pixels de largura, 40 pixels de altura e seja delimitado por uma borda preta de 1 pixel. Verifica se 40 pixels é o tamanho total do elemento, incluindo seu conteúdo e excluindo a borda preta, que deve ser criada à parte.",
              "timedOut": null,
              "duration": 351,
              "state": "passed",
              "speed": "slow",
              "pass": true,
              "fail": false,
              "pending": false,
              "context": null,
              "code": "cy.get('.pixel').each(function (pixel) {\n  cy.wrap(pixel).should('have.css', 'height', '40px').and('have.css', 'width', '40px').and('have.css', 'border', \"1px solid \".concat(BLACK));\n});",
              "err": {},
              "uuid": "b158eb1d-7b50-4e10-88a8-b4cf0e40eb5b",
              "parentUUID": "d71c03ae-444d-4288-870e-8922bf3b1db0",
              "isHook": false,
              "skipped": false
            }
          ],
          "suites": [],
          "passes": [
            "c1078bc1-d6fe-464b-92e5-e9f894236d21",
            "b158eb1d-7b50-4e10-88a8-b4cf0e40eb5b"
          ],
          "failures": [],
          "pending": [],
          "skipped": [],
          "duration": 716,
          "root": false,
          "rootEmpty": false,
          "_timeout": 2000
        },
        {
          "uuid": "93b6366b-ffd1-4f26-ba04-c5a38c1693f7",
          "title": "6 - Defina a cor preta como cor inicial. Ao carregar a página a cor preta já deve estar selecionada para pintar os pixels",
          "fullFile": "",
          "file": "",
          "beforeHooks": [],
          "afterHooks": [],
          "tests": [
            {
              "title": "Verifica se o elemento da cor preta possui, inicialmente, a `classe` `selected`",
              "fullTitle": "6 - Defina a cor preta como cor inicial. Ao carregar a página a cor preta já deve estar selecionada para pintar os pixels Verifica se o elemento da cor preta possui, inicialmente, a `classe` `selected`",
              "timedOut": null,
              "duration": 221,
              "state": "passed",
              "speed": "slow",
              "pass": true,
              "fail": false,
              "pending": false,
              "context": null,
              "code": "cy.get('.selected').first().should('have.css', 'background-color', BLACK);",
              "err": {},
              "uuid": "7165396e-76cd-4932-95a9-940bd488c376",
              "parentUUID": "93b6366b-ffd1-4f26-ba04-c5a38c1693f7",
              "isHook": false,
              "skipped": false
            },
            {
              "title": "Verifica se nenhuma outra cor da paleta tem a `classe` `selected`",
              "fullTitle": "6 - Defina a cor preta como cor inicial. Ao carregar a página a cor preta já deve estar selecionada para pintar os pixels Verifica se nenhuma outra cor da paleta tem a `classe` `selected`",
              "timedOut": null,
              "duration": 169,
              "state": "passed",
              "speed": "slow",
              "pass": true,
              "fail": false,
              "pending": false,
              "context": null,
              "code": "cy.get('.color:not(:first-child)').each(function (color) {\n  cy.wrap(color).should('not.have.class', 'selected');\n});",
              "err": {},
              "uuid": "a364e4c9-de7c-4e47-bc19-49acfbf94636",
              "parentUUID": "93b6366b-ffd1-4f26-ba04-c5a38c1693f7",
              "isHook": false,
              "skipped": false
            }
          ],
          "suites": [],
          "passes": [
            "7165396e-76cd-4932-95a9-940bd488c376",
            "a364e4c9-de7c-4e47-bc19-49acfbf94636"
          ],
          "failures": [],
          "pending": [],
          "skipped": [],
          "duration": 390,
          "root": false,
          "rootEmpty": false,
          "_timeout": 2000
        },
        {
          "uuid": "3d43ffa4-2822-4476-85f9-3519c174eff1",
          "title": "7 - Clicar em uma das cores da paleta, faz com que ela seja selecionada e utilizada para preencher os pixels no quadro.",
          "fullFile": "",
          "file": "",
          "beforeHooks": [],
          "afterHooks": [],
          "tests": [
            {
              "title": "Verifica se somente uma cor da paleta de cores tem a classe `selected` de cada vez",
              "fullTitle": "7 - Clicar em uma das cores da paleta, faz com que ela seja selecionada e utilizada para preencher os pixels no quadro. Verifica se somente uma cor da paleta de cores tem a classe `selected` de cada vez",
              "timedOut": null,
              "duration": 538,
              "state": "passed",
              "speed": "slow",
              "pass": true,
              "fail": false,
              "pending": false,
              "context": null,
              "code": "cy.get('.color').each(function (selectedColor, selectedColorIndex) {\n  cy.wrap(selectedColor).click();\n  cy.get('.color').each(function (color, colorIndex) {\n    if (colorIndex === selectedColorIndex) {\n      expect(color).to.have[\"class\"]('selected');\n    } else {\n      expect(color).not.to.have[\"class\"]('selected');\n    }\n  });\n});",
              "err": {},
              "uuid": "bde9cca9-c051-4d23-a2d7-254d17dcf0cf",
              "parentUUID": "3d43ffa4-2822-4476-85f9-3519c174eff1",
              "isHook": false,
              "skipped": false
            },
            {
              "title": "Verifica se os pixels dentro do quadro não têm a classe `selected` quando são clicados",
              "fullTitle": "7 - Clicar em uma das cores da paleta, faz com que ela seja selecionada e utilizada para preencher os pixels no quadro. Verifica se os pixels dentro do quadro não têm a classe `selected` quando são clicados",
              "timedOut": null,
              "duration": 9845,
              "state": "passed",
              "speed": "slow",
              "pass": true,
              "fail": false,
              "pending": false,
              "context": null,
              "code": "cy.get('.color').each(function (color) {\n  var backgroundColor = color.css('background-color');\n  cy.wrap(color).click();\n  cy.get('.pixel').each(function (pixel) {\n    cy.wrap(pixel).click().should('not.have.class', 'selected');\n  });\n});",
              "err": {},
              "uuid": "d1947a67-163d-4b72-a708-861a5e268531",
              "parentUUID": "3d43ffa4-2822-4476-85f9-3519c174eff1",
              "isHook": false,
              "skipped": false
            }
          ],
          "suites": [],
          "passes": [
            "bde9cca9-c051-4d23-a2d7-254d17dcf0cf",
            "d1947a67-163d-4b72-a708-861a5e268531"
          ],
          "failures": [],
          "pending": [],
          "skipped": [],
          "duration": 10383,
          "root": false,
          "rootEmpty": false,
          "_timeout": 2000
        },
        {
          "uuid": "aaa8d37f-4800-47eb-b7e7-f5ed5d3a4ff1",
          "title": "8 - Clicar em um pixel dentro do quadro após selecionar uma cor na paleta, faz com que o pixel seja preenchido com a cor selecionada.",
          "fullFile": "",
          "file": "",
          "beforeHooks": [],
          "afterHooks": [],
          "tests": [
            {
              "title": "Verifica se ao carregar a página deve ser possível pintar os pixels de preto",
              "fullTitle": "8 - Clicar em um pixel dentro do quadro após selecionar uma cor na paleta, faz com que o pixel seja preenchido com a cor selecionada. Verifica se ao carregar a página deve ser possível pintar os pixels de preto",
              "timedOut": null,
              "duration": 4649,
              "state": "failed",
              "speed": null,
              "pass": false,
              "fail": true,
              "pending": false,
              "context": null,
              "code": "cy.get('.pixel').each(function (pixel) {\n  cy.wrap(pixel).click().should('have.css', 'background-color', BLACK);\n});",
              "err": {
                "message": "CypressError: Timed out retrying: expected '<div.pixel>' to have CSS property 'background-color' with the value 'rgb(0, 0, 0)', but the value was 'rgb(255, 255, 255)'",
                "estack": "CypressError: Timed out retrying: expected '<div.pixel>' to have CSS property 'background-color' with the value 'rgb(0, 0, 0)', but the value was 'rgb(255, 255, 255)'\n    at cypressErr (http://localhost:46877/__cypress/runner/cypress_runner.js:149934:9)\n    at throwErr (http://localhost:46877/__cypress/runner/cypress_runner.js:149867:11)\n    at Object.throwErrByPath (http://localhost:46877/__cypress/runner/cypress_runner.js:149915:3)\n    at retry (http://localhost:46877/__cypress/runner/cypress_runner.js:144197:19)\n    at onFailFn (http://localhost:46877/__cypress/runner/cypress_runner.js:132448:16)\n    at tryCatcher (http://localhost:46877/__cypress/runner/cypress_runner.js:167415:23)\n    at Promise._settlePromiseFromHandler (http://localhost:46877/__cypress/runner/cypress_runner.js:165351:31)\n    at Promise._settlePromise (http://localhost:46877/__cypress/runner/cypress_runner.js:165408:18)\n    at Promise._settlePromise0 (http://localhost:46877/__cypress/runner/cypress_runner.js:165453:10)\n    at Promise._settlePromises (http://localhost:46877/__cypress/runner/cypress_runner.js:165528:18)\n    at Async../node_modules/bluebird/js/release/async.js.Async._drainQueue (http://localhost:46877/__cypress/runner/cypress_runner.js:162140:16)\n    at Async../node_modules/bluebird/js/release/async.js.Async._drainQueues (http://localhost:46877/__cypress/runner/cypress_runner.js:162150:10)\n    at Async.drainQueues (http://localhost:46877/__cypress/runner/cypress_runner.js:162024:14)",
                "diff": null
              },
              "uuid": "61ee87ff-82d6-4ab5-8913-87a9f4849b10",
              "parentUUID": "aaa8d37f-4800-47eb-b7e7-f5ed5d3a4ff1",
              "isHook": false,
              "skipped": false
            },
            {
              "title": "Verifica se após selecionar uma outra cor na paleta, é possível pintar os pixels com essa cor",
              "fullTitle": "8 - Clicar em um pixel dentro do quadro após selecionar uma cor na paleta, faz com que o pixel seja preenchido com a cor selecionada. Verifica se após selecionar uma outra cor na paleta, é possível pintar os pixels com essa cor",
              "timedOut": null,
              "duration": 4605,
              "state": "failed",
              "speed": null,
              "pass": false,
              "fail": true,
              "pending": false,
              "context": null,
              "code": "cy.get('.color').each(function (color) {\n  var backgroundColor = color.css('background-color');\n  cy.wrap(color).click();\n  cy.get('.pixel').each(function (pixel) {\n    cy.wrap(pixel).click().should('have.css', 'background-color', backgroundColor);\n  });\n});",
              "err": {
                "message": "CypressError: Timed out retrying: expected '<div.pixel>' to have CSS property 'background-color' with the value 'rgb(0, 0, 0)', but the value was 'rgb(255, 255, 255)'",
                "estack": "CypressError: Timed out retrying: expected '<div.pixel>' to have CSS property 'background-color' with the value 'rgb(0, 0, 0)', but the value was 'rgb(255, 255, 255)'\n    at cypressErr (http://localhost:46877/__cypress/runner/cypress_runner.js:149934:9)\n    at throwErr (http://localhost:46877/__cypress/runner/cypress_runner.js:149867:11)\n    at Object.throwErrByPath (http://localhost:46877/__cypress/runner/cypress_runner.js:149915:3)\n    at retry (http://localhost:46877/__cypress/runner/cypress_runner.js:144197:19)\n    at onFailFn (http://localhost:46877/__cypress/runner/cypress_runner.js:132448:16)\n    at tryCatcher (http://localhost:46877/__cypress/runner/cypress_runner.js:167415:23)\n    at Promise._settlePromiseFromHandler (http://localhost:46877/__cypress/runner/cypress_runner.js:165351:31)\n    at Promise._settlePromise (http://localhost:46877/__cypress/runner/cypress_runner.js:165408:18)\n    at Promise._settlePromise0 (http://localhost:46877/__cypress/runner/cypress_runner.js:165453:10)\n    at Promise._settlePromises (http://localhost:46877/__cypress/runner/cypress_runner.js:165528:18)\n    at Async../node_modules/bluebird/js/release/async.js.Async._drainQueue (http://localhost:46877/__cypress/runner/cypress_runner.js:162140:16)\n    at Async../node_modules/bluebird/js/release/async.js.Async._drainQueues (http://localhost:46877/__cypress/runner/cypress_runner.js:162150:10)\n    at Async.drainQueues (http://localhost:46877/__cypress/runner/cypress_runner.js:162024:14)",
                "diff": null
              },
              "uuid": "8a1bc7a6-70dc-4abd-a688-5ab5fdbe1ad3",
              "parentUUID": "aaa8d37f-4800-47eb-b7e7-f5ed5d3a4ff1",
              "isHook": false,
              "skipped": false
            },
            {
              "title": "Verifica se somente o pixel que foi clicado foi preenchido com a cor selecionada, sem influenciar na cor dos demais pixels.",
              "fullTitle": "8 - Clicar em um pixel dentro do quadro após selecionar uma cor na paleta, faz com que o pixel seja preenchido com a cor selecionada. Verifica se somente o pixel que foi clicado foi preenchido com a cor selecionada, sem influenciar na cor dos demais pixels.",
              "timedOut": null,
              "duration": 1755,
              "state": "passed",
              "speed": "slow",
              "pass": true,
              "fail": false,
              "pending": false,
              "context": null,
              "code": "var colorToPixelIndexMap = {\n  0: 6,\n  1: 8,\n  2: 16,\n  3: 18\n};\ncy.get('.color').each(function (color, index) {\n  cy.wrap(color).click();\n  var backgroundColor = color.css('background-color');\n  var clickedPixelIndex = colorToPixelIndexMap[index];\n  cy.get('.pixel').eq(clickedPixelIndex).click();\n  cy.get('.pixel').eq(clickedPixelIndex - 1).should('not.have.css', 'background-color', backgroundColor);\n  cy.get('.pixel').eq(clickedPixelIndex + 1).should('not.have.css', 'background-color', backgroundColor);\n  cy.get('.pixel').eq(clickedPixelIndex - 5).should('not.have.css', 'background-color', backgroundColor);\n  cy.get('.pixel').eq(clickedPixelIndex + 5).should('not.have.css', 'background-color', backgroundColor);\n  cy.get('.pixel').eq(clickedPixelIndex - 6).should('not.have.css', 'background-color', backgroundColor);\n  cy.get('.pixel').eq(clickedPixelIndex - 4).should('not.have.css', 'background-color', backgroundColor);\n  cy.get('.pixel').eq(clickedPixelIndex + 4).should('not.have.css', 'background-color', backgroundColor);\n  cy.get('.pixel').eq(clickedPixelIndex + 6).should('not.have.css', 'background-color', backgroundColor);\n});",
              "err": {},
              "uuid": "e3053c2c-334c-4bee-88d5-ca3b6cdbfc72",
              "parentUUID": "aaa8d37f-4800-47eb-b7e7-f5ed5d3a4ff1",
              "isHook": false,
              "skipped": false
            }
          ],
          "suites": [],
          "passes": [
            "e3053c2c-334c-4bee-88d5-ca3b6cdbfc72"
          ],
          "failures": [
            "61ee87ff-82d6-4ab5-8913-87a9f4849b10",
            "8a1bc7a6-70dc-4abd-a688-5ab5fdbe1ad3"
          ],
          "pending": [],
          "skipped": [],
          "duration": 11009,
          "root": false,
          "rootEmpty": false,
          "_timeout": 2000
        },
        {
          "uuid": "0b72c726-c9b7-4d20-b01c-feeef38092c9",
          "title": "9 - Crie um botão que, ao ser clicado, limpa o quadro preenchendo a cor de todos seus pixels com branco.",
          "fullFile": "",
          "file": "",
          "beforeHooks": [],
          "afterHooks": [],
          "tests": [
            {
              "title": "Verifica se o botão tem o `id` denominado `clear-board`",
              "fullTitle": "9 - Crie um botão que, ao ser clicado, limpa o quadro preenchendo a cor de todos seus pixels com branco. Verifica se o botão tem o `id` denominado `clear-board`",
              "timedOut": null,
              "duration": 4493,
              "state": "failed",
              "speed": null,
              "pass": false,
              "fail": true,
              "pending": false,
              "context": null,
              "code": "cy.get('#clear-board').should('be.visible');",
              "err": {
                "message": "CypressError: Timed out retrying: Expected to find element: '#clear-board', but never found it.",
                "estack": "CypressError: Timed out retrying: Expected to find element: '#clear-board', but never found it.\n    at cypressErr (http://localhost:46877/__cypress/runner/cypress_runner.js:149934:9)\n    at throwErr (http://localhost:46877/__cypress/runner/cypress_runner.js:149867:11)\n    at Object.throwErrByPath (http://localhost:46877/__cypress/runner/cypress_runner.js:149915:3)\n    at retry (http://localhost:46877/__cypress/runner/cypress_runner.js:144197:19)\n    at onFailFn (http://localhost:46877/__cypress/runner/cypress_runner.js:132448:16)\n    at tryCatcher (http://localhost:46877/__cypress/runner/cypress_runner.js:167415:23)\n    at Promise._settlePromiseFromHandler (http://localhost:46877/__cypress/runner/cypress_runner.js:165351:31)\n    at Promise._settlePromise (http://localhost:46877/__cypress/runner/cypress_runner.js:165408:18)\n    at Promise._settlePromise0 (http://localhost:46877/__cypress/runner/cypress_runner.js:165453:10)\n    at Promise._settlePromises (http://localhost:46877/__cypress/runner/cypress_runner.js:165528:18)\n    at Async../node_modules/bluebird/js/release/async.js.Async._drainQueue (http://localhost:46877/__cypress/runner/cypress_runner.js:162140:16)\n    at Async../node_modules/bluebird/js/release/async.js.Async._drainQueues (http://localhost:46877/__cypress/runner/cypress_runner.js:162150:10)\n    at Async.drainQueues (http://localhost:46877/__cypress/runner/cypress_runner.js:162024:14)",
                "diff": null
              },
              "uuid": "79a83d22-d905-44c4-8da1-1df2b73b2fe1",
              "parentUUID": "0b72c726-c9b7-4d20-b01c-feeef38092c9",
              "isHook": false,
              "skipped": false
            },
            {
              "title": "Verifica se o botão está posicionado entre a paleta de cores e o quadro de pixels",
              "fullTitle": "9 - Crie um botão que, ao ser clicado, limpa o quadro preenchendo a cor de todos seus pixels com branco. Verifica se o botão está posicionado entre a paleta de cores e o quadro de pixels",
              "timedOut": null,
              "duration": 4453,
              "state": "failed",
              "speed": null,
              "pass": false,
              "fail": true,
              "pending": false,
              "context": null,
              "code": "cy.get('#color-palette').then(function (palette) {\n  cy.get('#clear-board').should('be.belowOf', palette);\n});\ncy.get('#clear-board').then(function (clearBtn) {\n  cy.get('#pixel-board').should('be.belowOf', clearBtn);\n});",
              "err": {
                "message": "CypressError: Timed out retrying: Expected to find element: '#clear-board', but never found it.",
                "estack": "CypressError: Timed out retrying: Expected to find element: '#clear-board', but never found it.\n    at cypressErr (http://localhost:46877/__cypress/runner/cypress_runner.js:149934:9)\n    at throwErr (http://localhost:46877/__cypress/runner/cypress_runner.js:149867:11)\n    at Object.throwErrByPath (http://localhost:46877/__cypress/runner/cypress_runner.js:149915:3)\n    at retry (http://localhost:46877/__cypress/runner/cypress_runner.js:144197:19)\n    at onFailFn (http://localhost:46877/__cypress/runner/cypress_runner.js:132448:16)\n    at tryCatcher (http://localhost:46877/__cypress/runner/cypress_runner.js:167415:23)\n    at Promise._settlePromiseFromHandler (http://localhost:46877/__cypress/runner/cypress_runner.js:165351:31)\n    at Promise._settlePromise (http://localhost:46877/__cypress/runner/cypress_runner.js:165408:18)\n    at Promise._settlePromise0 (http://localhost:46877/__cypress/runner/cypress_runner.js:165453:10)\n    at Promise._settlePromises (http://localhost:46877/__cypress/runner/cypress_runner.js:165528:18)\n    at Async../node_modules/bluebird/js/release/async.js.Async._drainQueue (http://localhost:46877/__cypress/runner/cypress_runner.js:162140:16)\n    at Async../node_modules/bluebird/js/release/async.js.Async._drainQueues (http://localhost:46877/__cypress/runner/cypress_runner.js:162150:10)\n    at Async.drainQueues (http://localhost:46877/__cypress/runner/cypress_runner.js:162024:14)",
                "diff": null
              },
              "uuid": "f9df105d-2389-4d85-8c9a-056c59728b78",
              "parentUUID": "0b72c726-c9b7-4d20-b01c-feeef38092c9",
              "isHook": false,
              "skipped": false
            },
            {
              "title": "Verifica se o texto do botão é 'Limpar'",
              "fullTitle": "9 - Crie um botão que, ao ser clicado, limpa o quadro preenchendo a cor de todos seus pixels com branco. Verifica se o texto do botão é 'Limpar'",
              "timedOut": null,
              "duration": 4451,
              "state": "failed",
              "speed": null,
              "pass": false,
              "fail": true,
              "pending": false,
              "context": null,
              "code": "cy.get('#clear-board').should('contain.text', 'Limpar');",
              "err": {
                "message": "CypressError: Timed out retrying: Expected to find element: '#clear-board', but never found it.",
                "estack": "CypressError: Timed out retrying: Expected to find element: '#clear-board', but never found it.\n    at cypressErr (http://localhost:46877/__cypress/runner/cypress_runner.js:149934:9)\n    at throwErr (http://localhost:46877/__cypress/runner/cypress_runner.js:149867:11)\n    at Object.throwErrByPath (http://localhost:46877/__cypress/runner/cypress_runner.js:149915:3)\n    at retry (http://localhost:46877/__cypress/runner/cypress_runner.js:144197:19)\n    at onFailFn (http://localhost:46877/__cypress/runner/cypress_runner.js:132448:16)\n    at tryCatcher (http://localhost:46877/__cypress/runner/cypress_runner.js:167415:23)\n    at Promise._settlePromiseFromHandler (http://localhost:46877/__cypress/runner/cypress_runner.js:165351:31)\n    at Promise._settlePromise (http://localhost:46877/__cypress/runner/cypress_runner.js:165408:18)\n    at Promise._settlePromise0 (http://localhost:46877/__cypress/runner/cypress_runner.js:165453:10)\n    at Promise._settlePromises (http://localhost:46877/__cypress/runner/cypress_runner.js:165528:18)\n    at Async../node_modules/bluebird/js/release/async.js.Async._drainQueue (http://localhost:46877/__cypress/runner/cypress_runner.js:162140:16)\n    at Async../node_modules/bluebird/js/release/async.js.Async._drainQueues (http://localhost:46877/__cypress/runner/cypress_runner.js:162150:10)\n    at Async.drainQueues (http://localhost:46877/__cypress/runner/cypress_runner.js:162024:14)",
                "diff": null
              },
              "uuid": "e50db685-caba-449a-a14d-0029c781620a",
              "parentUUID": "0b72c726-c9b7-4d20-b01c-feeef38092c9",
              "isHook": false,
              "skipped": false
            },
            {
              "title": "Verifica se ao clicar no botão, o quadro de pixels é totalmente preenchido de branco",
              "fullTitle": "9 - Crie um botão que, ao ser clicado, limpa o quadro preenchendo a cor de todos seus pixels com branco. Verifica se ao clicar no botão, o quadro de pixels é totalmente preenchido de branco",
              "timedOut": null,
              "duration": 4641,
              "state": "failed",
              "speed": null,
              "pass": false,
              "fail": true,
              "pending": false,
              "context": null,
              "code": "cy.get('.color').eq(1).then(function (color) {\n  var backgroundColor = color.css('background-color');\n  cy.wrap(color).click();\n  cy.get('.pixel').each(function (pixel) {\n    cy.wrap(pixel).click().should('have.css', 'background-color', backgroundColor);\n  });\n});\ncy.get('#clear-board').click();\ncy.get('.pixel').each(function (pixel) {\n  cy.wrap(pixel).should('have.css', 'background-color', WHITE);\n});",
              "err": {
                "message": "CypressError: Timed out retrying: expected '<div.pixel>' to have CSS property 'background-color' with the value 'rgb(255, 0, 0)', but the value was 'rgb(255, 255, 255)'",
                "estack": "CypressError: Timed out retrying: expected '<div.pixel>' to have CSS property 'background-color' with the value 'rgb(255, 0, 0)', but the value was 'rgb(255, 255, 255)'\n    at cypressErr (http://localhost:46877/__cypress/runner/cypress_runner.js:149934:9)\n    at throwErr (http://localhost:46877/__cypress/runner/cypress_runner.js:149867:11)\n    at Object.throwErrByPath (http://localhost:46877/__cypress/runner/cypress_runner.js:149915:3)\n    at retry (http://localhost:46877/__cypress/runner/cypress_runner.js:144197:19)\n    at onFailFn (http://localhost:46877/__cypress/runner/cypress_runner.js:132448:16)\n    at tryCatcher (http://localhost:46877/__cypress/runner/cypress_runner.js:167415:23)\n    at Promise._settlePromiseFromHandler (http://localhost:46877/__cypress/runner/cypress_runner.js:165351:31)\n    at Promise._settlePromise (http://localhost:46877/__cypress/runner/cypress_runner.js:165408:18)\n    at Promise._settlePromise0 (http://localhost:46877/__cypress/runner/cypress_runner.js:165453:10)\n    at Promise._settlePromises (http://localhost:46877/__cypress/runner/cypress_runner.js:165528:18)\n    at Async../node_modules/bluebird/js/release/async.js.Async._drainQueue (http://localhost:46877/__cypress/runner/cypress_runner.js:162140:16)\n    at Async../node_modules/bluebird/js/release/async.js.Async._drainQueues (http://localhost:46877/__cypress/runner/cypress_runner.js:162150:10)\n    at Async.drainQueues (http://localhost:46877/__cypress/runner/cypress_runner.js:162024:14)",
                "diff": null
              },
              "uuid": "da887455-ab4c-4327-8248-1b3386a5fb33",
              "parentUUID": "0b72c726-c9b7-4d20-b01c-feeef38092c9",
              "isHook": false,
              "skipped": false
            }
          ],
          "suites": [],
          "passes": [],
          "failures": [
            "79a83d22-d905-44c4-8da1-1df2b73b2fe1",
            "f9df105d-2389-4d85-8c9a-056c59728b78",
            "e50db685-caba-449a-a14d-0029c781620a",
            "da887455-ab4c-4327-8248-1b3386a5fb33"
          ],
          "pending": [],
          "skipped": [],
          "duration": 18038,
          "root": false,
          "rootEmpty": false,
          "_timeout": 2000
        },
        {
          "uuid": "1236ba6d-645f-4c01-ab9a-21a9b363a199",
          "title": "10 - Faça o quadro de pixels ter seu tamanho definido pelo usuário.",
          "fullFile": "",
          "file": "",
          "beforeHooks": [],
          "afterHooks": [],
          "tests": [
            {
              "title": "Verifica se existe um input com o id `board-size`",
              "fullTitle": "10 - Faça o quadro de pixels ter seu tamanho definido pelo usuário. Verifica se existe um input com o id `board-size`",
              "timedOut": null,
              "duration": 4477,
              "state": "failed",
              "speed": null,
              "pass": false,
              "fail": true,
              "pending": false,
              "context": null,
              "code": "cy.get('#board-size').should('be.visible');",
              "err": {
                "message": "CypressError: Timed out retrying: Expected to find element: '#board-size', but never found it.",
                "estack": "CypressError: Timed out retrying: Expected to find element: '#board-size', but never found it.\n    at cypressErr (http://localhost:46877/__cypress/runner/cypress_runner.js:149934:9)\n    at throwErr (http://localhost:46877/__cypress/runner/cypress_runner.js:149867:11)\n    at Object.throwErrByPath (http://localhost:46877/__cypress/runner/cypress_runner.js:149915:3)\n    at retry (http://localhost:46877/__cypress/runner/cypress_runner.js:144197:19)\n    at onFailFn (http://localhost:46877/__cypress/runner/cypress_runner.js:132448:16)\n    at tryCatcher (http://localhost:46877/__cypress/runner/cypress_runner.js:167415:23)\n    at Promise._settlePromiseFromHandler (http://localhost:46877/__cypress/runner/cypress_runner.js:165351:31)\n    at Promise._settlePromise (http://localhost:46877/__cypress/runner/cypress_runner.js:165408:18)\n    at Promise._settlePromise0 (http://localhost:46877/__cypress/runner/cypress_runner.js:165453:10)\n    at Promise._settlePromises (http://localhost:46877/__cypress/runner/cypress_runner.js:165528:18)\n    at Async../node_modules/bluebird/js/release/async.js.Async._drainQueue (http://localhost:46877/__cypress/runner/cypress_runner.js:162140:16)\n    at Async../node_modules/bluebird/js/release/async.js.Async._drainQueues (http://localhost:46877/__cypress/runner/cypress_runner.js:162150:10)\n    at Async.drainQueues (http://localhost:46877/__cypress/runner/cypress_runner.js:162024:14)",
                "diff": null
              },
              "uuid": "12acef37-a221-4921-9d5a-2899f297e1ff",
              "parentUUID": "1236ba6d-645f-4c01-ab9a-21a9b363a199",
              "isHook": false,
              "skipped": false
            },
            {
              "title": "Verifica se existe um botão com o id `generate-board`",
              "fullTitle": "10 - Faça o quadro de pixels ter seu tamanho definido pelo usuário. Verifica se existe um botão com o id `generate-board`",
              "timedOut": null,
              "duration": 4582,
              "state": "failed",
              "speed": null,
              "pass": false,
              "fail": true,
              "pending": false,
              "context": null,
              "code": "cy.get('#generate-board').should('be.visible');",
              "err": {
                "message": "CypressError: Timed out retrying: Expected to find element: '#generate-board', but never found it.",
                "estack": "CypressError: Timed out retrying: Expected to find element: '#generate-board', but never found it.\n    at cypressErr (http://localhost:46877/__cypress/runner/cypress_runner.js:149934:9)\n    at throwErr (http://localhost:46877/__cypress/runner/cypress_runner.js:149867:11)\n    at Object.throwErrByPath (http://localhost:46877/__cypress/runner/cypress_runner.js:149915:3)\n    at retry (http://localhost:46877/__cypress/runner/cypress_runner.js:144197:19)\n    at onFailFn (http://localhost:46877/__cypress/runner/cypress_runner.js:132448:16)\n    at tryCatcher (http://localhost:46877/__cypress/runner/cypress_runner.js:167415:23)\n    at Promise._settlePromiseFromHandler (http://localhost:46877/__cypress/runner/cypress_runner.js:165351:31)\n    at Promise._settlePromise (http://localhost:46877/__cypress/runner/cypress_runner.js:165408:18)\n    at Promise._settlePromise0 (http://localhost:46877/__cypress/runner/cypress_runner.js:165453:10)\n    at Promise._settlePromises (http://localhost:46877/__cypress/runner/cypress_runner.js:165528:18)\n    at Async../node_modules/bluebird/js/release/async.js.Async._drainQueue (http://localhost:46877/__cypress/runner/cypress_runner.js:162140:16)\n    at Async../node_modules/bluebird/js/release/async.js.Async._drainQueues (http://localhost:46877/__cypress/runner/cypress_runner.js:162150:10)\n    at Async.drainQueues (http://localhost:46877/__cypress/runner/cypress_runner.js:162024:14)",
                "diff": null
              },
              "uuid": "17657772-6a87-4656-8b8a-a5c71ac7369d",
              "parentUUID": "1236ba6d-645f-4c01-ab9a-21a9b363a199",
              "isHook": false,
              "skipped": false
            },
            {
              "title": "Verifica se o input só aceita número maiores que zero. Essa restrição deve ser feita usando os atributos do elemento `input`",
              "fullTitle": "10 - Faça o quadro de pixels ter seu tamanho definido pelo usuário. Verifica se o input só aceita número maiores que zero. Essa restrição deve ser feita usando os atributos do elemento `input`",
              "timedOut": null,
              "duration": 4394,
              "state": "failed",
              "speed": null,
              "pass": false,
              "fail": true,
              "pending": false,
              "context": null,
              "code": "cy.get('#board-size[type=\\'number\\'][min=\\'1\\']');",
              "err": {
                "message": "CypressError: Timed out retrying: Expected to find element: '#board-size[type='number'][min='1']', but never found it.",
                "estack": "CypressError: Timed out retrying: Expected to find element: '#board-size[type='number'][min='1']', but never found it.\n    at cypressErr (http://localhost:46877/__cypress/runner/cypress_runner.js:149934:9)\n    at throwErr (http://localhost:46877/__cypress/runner/cypress_runner.js:149867:11)\n    at Object.throwErrByPath (http://localhost:46877/__cypress/runner/cypress_runner.js:149915:3)\n    at retry (http://localhost:46877/__cypress/runner/cypress_runner.js:144197:19)\n    at onFailFn (http://localhost:46877/__cypress/runner/cypress_runner.js:132448:16)\n    at tryCatcher (http://localhost:46877/__cypress/runner/cypress_runner.js:167415:23)\n    at Promise._settlePromiseFromHandler (http://localhost:46877/__cypress/runner/cypress_runner.js:165351:31)\n    at Promise._settlePromise (http://localhost:46877/__cypress/runner/cypress_runner.js:165408:18)\n    at Promise._settlePromise0 (http://localhost:46877/__cypress/runner/cypress_runner.js:165453:10)\n    at Promise._settlePromises (http://localhost:46877/__cypress/runner/cypress_runner.js:165528:18)\n    at Async../node_modules/bluebird/js/release/async.js.Async._drainQueue (http://localhost:46877/__cypress/runner/cypress_runner.js:162140:16)\n    at Async../node_modules/bluebird/js/release/async.js.Async._drainQueues (http://localhost:46877/__cypress/runner/cypress_runner.js:162150:10)\n    at Async.drainQueues (http://localhost:46877/__cypress/runner/cypress_runner.js:162024:14)",
                "diff": null
              },
              "uuid": "55533d54-8bb9-4dda-99d6-7e69a02ce87f",
              "parentUUID": "1236ba6d-645f-4c01-ab9a-21a9b363a199",
              "isHook": false,
              "skipped": false
            },
            {
              "title": "Verifica se o botão contém o texto 'VQV'",
              "fullTitle": "10 - Faça o quadro de pixels ter seu tamanho definido pelo usuário. Verifica se o botão contém o texto 'VQV'",
              "timedOut": null,
              "duration": 4359,
              "state": "failed",
              "speed": null,
              "pass": false,
              "fail": true,
              "pending": false,
              "context": null,
              "code": "cy.get('#generate-board').contains(/vqv/i);",
              "err": {
                "message": "CypressError: Timed out retrying: Expected to find element: '#generate-board', but never found it.",
                "estack": "CypressError: Timed out retrying: Expected to find element: '#generate-board', but never found it.\n    at cypressErr (http://localhost:46877/__cypress/runner/cypress_runner.js:149934:9)\n    at throwErr (http://localhost:46877/__cypress/runner/cypress_runner.js:149867:11)\n    at Object.throwErrByPath (http://localhost:46877/__cypress/runner/cypress_runner.js:149915:3)\n    at retry (http://localhost:46877/__cypress/runner/cypress_runner.js:144197:19)\n    at onFailFn (http://localhost:46877/__cypress/runner/cypress_runner.js:132448:16)\n    at tryCatcher (http://localhost:46877/__cypress/runner/cypress_runner.js:167415:23)\n    at Promise._settlePromiseFromHandler (http://localhost:46877/__cypress/runner/cypress_runner.js:165351:31)\n    at Promise._settlePromise (http://localhost:46877/__cypress/runner/cypress_runner.js:165408:18)\n    at Promise._settlePromise0 (http://localhost:46877/__cypress/runner/cypress_runner.js:165453:10)\n    at Promise._settlePromises (http://localhost:46877/__cypress/runner/cypress_runner.js:165528:18)\n    at Async../node_modules/bluebird/js/release/async.js.Async._drainQueue (http://localhost:46877/__cypress/runner/cypress_runner.js:162140:16)\n    at Async../node_modules/bluebird/js/release/async.js.Async._drainQueues (http://localhost:46877/__cypress/runner/cypress_runner.js:162150:10)\n    at Async.drainQueues (http://localhost:46877/__cypress/runner/cypress_runner.js:162024:14)",
                "diff": null
              },
              "uuid": "7c1d49ef-4c4c-4ece-b335-3ea0321a2565",
              "parentUUID": "1236ba6d-645f-4c01-ab9a-21a9b363a199",
              "isHook": false,
              "skipped": false
            },
            {
              "title": "Verifica se o input está posicionado entre a paleta de cores e o quadro de pixels",
              "fullTitle": "10 - Faça o quadro de pixels ter seu tamanho definido pelo usuário. Verifica se o input está posicionado entre a paleta de cores e o quadro de pixels",
              "timedOut": null,
              "duration": 4566,
              "state": "failed",
              "speed": null,
              "pass": false,
              "fail": true,
              "pending": false,
              "context": null,
              "code": "cy.get('#color-palette').then(function (palette) {\n  cy.get('#board-size').should('be.belowOf', palette);\n});\ncy.get('#board-size').then(function (palette) {\n  cy.get('#pixel-board').should('be.belowOf', palette);\n});",
              "err": {
                "message": "CypressError: Timed out retrying: Expected to find element: '#board-size', but never found it.",
                "estack": "CypressError: Timed out retrying: Expected to find element: '#board-size', but never found it.\n    at cypressErr (http://localhost:46877/__cypress/runner/cypress_runner.js:149934:9)\n    at throwErr (http://localhost:46877/__cypress/runner/cypress_runner.js:149867:11)\n    at Object.throwErrByPath (http://localhost:46877/__cypress/runner/cypress_runner.js:149915:3)\n    at retry (http://localhost:46877/__cypress/runner/cypress_runner.js:144197:19)\n    at onFailFn (http://localhost:46877/__cypress/runner/cypress_runner.js:132448:16)\n    at tryCatcher (http://localhost:46877/__cypress/runner/cypress_runner.js:167415:23)\n    at Promise._settlePromiseFromHandler (http://localhost:46877/__cypress/runner/cypress_runner.js:165351:31)\n    at Promise._settlePromise (http://localhost:46877/__cypress/runner/cypress_runner.js:165408:18)\n    at Promise._settlePromise0 (http://localhost:46877/__cypress/runner/cypress_runner.js:165453:10)\n    at Promise._settlePromises (http://localhost:46877/__cypress/runner/cypress_runner.js:165528:18)\n    at Async../node_modules/bluebird/js/release/async.js.Async._drainQueue (http://localhost:46877/__cypress/runner/cypress_runner.js:162140:16)\n    at Async../node_modules/bluebird/js/release/async.js.Async._drainQueues (http://localhost:46877/__cypress/runner/cypress_runner.js:162150:10)\n    at Async.drainQueues (http://localhost:46877/__cypress/runner/cypress_runner.js:162024:14)",
                "diff": null
              },
              "uuid": "0d163311-3a43-4885-b546-f27bd7dec790",
              "parentUUID": "1236ba6d-645f-4c01-ab9a-21a9b363a199",
              "isHook": false,
              "skipped": false
            },
            {
              "title": "Verifica se o botão está posicionado ao lado do input",
              "fullTitle": "10 - Faça o quadro de pixels ter seu tamanho definido pelo usuário. Verifica se o botão está posicionado ao lado do input",
              "timedOut": null,
              "duration": 4411,
              "state": "failed",
              "speed": null,
              "pass": false,
              "fail": true,
              "pending": false,
              "context": null,
              "code": "cy.get('#board-size').then(function (board) {\n  cy.get('#generate-board').should('be.onTheRightOf', board);\n});",
              "err": {
                "message": "CypressError: Timed out retrying: Expected to find element: '#board-size', but never found it.",
                "estack": "CypressError: Timed out retrying: Expected to find element: '#board-size', but never found it.\n    at cypressErr (http://localhost:46877/__cypress/runner/cypress_runner.js:149934:9)\n    at throwErr (http://localhost:46877/__cypress/runner/cypress_runner.js:149867:11)\n    at Object.throwErrByPath (http://localhost:46877/__cypress/runner/cypress_runner.js:149915:3)\n    at retry (http://localhost:46877/__cypress/runner/cypress_runner.js:144197:19)\n    at onFailFn (http://localhost:46877/__cypress/runner/cypress_runner.js:132448:16)\n    at tryCatcher (http://localhost:46877/__cypress/runner/cypress_runner.js:167415:23)\n    at Promise._settlePromiseFromHandler (http://localhost:46877/__cypress/runner/cypress_runner.js:165351:31)\n    at Promise._settlePromise (http://localhost:46877/__cypress/runner/cypress_runner.js:165408:18)\n    at Promise._settlePromise0 (http://localhost:46877/__cypress/runner/cypress_runner.js:165453:10)\n    at Promise._settlePromises (http://localhost:46877/__cypress/runner/cypress_runner.js:165528:18)\n    at Async../node_modules/bluebird/js/release/async.js.Async._drainQueue (http://localhost:46877/__cypress/runner/cypress_runner.js:162140:16)\n    at Async../node_modules/bluebird/js/release/async.js.Async._drainQueues (http://localhost:46877/__cypress/runner/cypress_runner.js:162150:10)\n    at Async.drainQueues (http://localhost:46877/__cypress/runner/cypress_runner.js:162024:14)",
                "diff": null
              },
              "uuid": "19bb03e8-271f-464a-9290-96cd3f877077",
              "parentUUID": "1236ba6d-645f-4c01-ab9a-21a9b363a199",
              "isHook": false,
              "skipped": false
            },
            {
              "title": "Verifica se nenhum valor for colocado no input ao clicar no botão, um `alert` é exibido com o texto: 'Board inválido!'",
              "fullTitle": "10 - Faça o quadro de pixels ter seu tamanho definido pelo usuário. Verifica se nenhum valor for colocado no input ao clicar no botão, um `alert` é exibido com o texto: 'Board inválido!'",
              "timedOut": null,
              "duration": 4404,
              "state": "failed",
              "speed": null,
              "pass": false,
              "fail": true,
              "pending": false,
              "context": null,
              "code": "var alerted = false;\ncy.on('window:alert', function (msg) {\n  return alerted = msg;\n});\ncy.get('#generate-board').click().then(function () {\n  return expect(alerted).to.match(/Board inválido!/i);\n});",
              "err": {
                "message": "CypressError: Timed out retrying: Expected to find element: '#generate-board', but never found it.",
                "estack": "CypressError: Timed out retrying: Expected to find element: '#generate-board', but never found it.\n    at cypressErr (http://localhost:46877/__cypress/runner/cypress_runner.js:149934:9)\n    at throwErr (http://localhost:46877/__cypress/runner/cypress_runner.js:149867:11)\n    at Object.throwErrByPath (http://localhost:46877/__cypress/runner/cypress_runner.js:149915:3)\n    at retry (http://localhost:46877/__cypress/runner/cypress_runner.js:144197:19)\n    at onFailFn (http://localhost:46877/__cypress/runner/cypress_runner.js:132448:16)\n    at tryCatcher (http://localhost:46877/__cypress/runner/cypress_runner.js:167415:23)\n    at Promise._settlePromiseFromHandler (http://localhost:46877/__cypress/runner/cypress_runner.js:165351:31)\n    at Promise._settlePromise (http://localhost:46877/__cypress/runner/cypress_runner.js:165408:18)\n    at Promise._settlePromise0 (http://localhost:46877/__cypress/runner/cypress_runner.js:165453:10)\n    at Promise._settlePromises (http://localhost:46877/__cypress/runner/cypress_runner.js:165528:18)\n    at Async../node_modules/bluebird/js/release/async.js.Async._drainQueue (http://localhost:46877/__cypress/runner/cypress_runner.js:162140:16)\n    at Async../node_modules/bluebird/js/release/async.js.Async._drainQueues (http://localhost:46877/__cypress/runner/cypress_runner.js:162150:10)\n    at Async.drainQueues (http://localhost:46877/__cypress/runner/cypress_runner.js:162024:14)",
                "diff": null
              },
              "uuid": "64b45765-f069-4401-a696-0fdb99560499",
              "parentUUID": "1236ba6d-645f-4c01-ab9a-21a9b363a199",
              "isHook": false,
              "skipped": false
            },
            {
              "title": "Verifica se ao clicar no botão com um valor preenchido, o tamanho do board muda.",
              "fullTitle": "10 - Faça o quadro de pixels ter seu tamanho definido pelo usuário. Verifica se ao clicar no botão com um valor preenchido, o tamanho do board muda.",
              "timedOut": null,
              "duration": 4475,
              "state": "failed",
              "speed": null,
              "pass": false,
              "fail": true,
              "pending": false,
              "context": null,
              "code": "cy.get('#board-size').clear().type(10);\ncy.get('#generate-board').click();\ncy.get('.pixel').should('have.length', 100);",
              "err": {
                "message": "CypressError: Timed out retrying: Expected to find element: '#board-size', but never found it.",
                "estack": "CypressError: Timed out retrying: Expected to find element: '#board-size', but never found it.\n    at cypressErr (http://localhost:46877/__cypress/runner/cypress_runner.js:149934:9)\n    at throwErr (http://localhost:46877/__cypress/runner/cypress_runner.js:149867:11)\n    at Object.throwErrByPath (http://localhost:46877/__cypress/runner/cypress_runner.js:149915:3)\n    at retry (http://localhost:46877/__cypress/runner/cypress_runner.js:144197:19)\n    at onFailFn (http://localhost:46877/__cypress/runner/cypress_runner.js:132448:16)\n    at tryCatcher (http://localhost:46877/__cypress/runner/cypress_runner.js:167415:23)\n    at Promise._settlePromiseFromHandler (http://localhost:46877/__cypress/runner/cypress_runner.js:165351:31)\n    at Promise._settlePromise (http://localhost:46877/__cypress/runner/cypress_runner.js:165408:18)\n    at Promise._settlePromise0 (http://localhost:46877/__cypress/runner/cypress_runner.js:165453:10)\n    at Promise._settlePromises (http://localhost:46877/__cypress/runner/cypress_runner.js:165528:18)\n    at Async../node_modules/bluebird/js/release/async.js.Async._drainQueue (http://localhost:46877/__cypress/runner/cypress_runner.js:162140:16)\n    at Async../node_modules/bluebird/js/release/async.js.Async._drainQueues (http://localhost:46877/__cypress/runner/cypress_runner.js:162150:10)\n    at Async.drainQueues (http://localhost:46877/__cypress/runner/cypress_runner.js:162024:14)",
                "diff": null
              },
              "uuid": "c0510b07-9aed-4e0c-9924-2c2da340fd23",
              "parentUUID": "1236ba6d-645f-4c01-ab9a-21a9b363a199",
              "isHook": false,
              "skipped": false
            },
            {
              "title": "Verifica se o novo quadro tem todos os pixels preenchidos com a cor branca",
              "fullTitle": "10 - Faça o quadro de pixels ter seu tamanho definido pelo usuário. Verifica se o novo quadro tem todos os pixels preenchidos com a cor branca",
              "timedOut": null,
              "duration": 4583,
              "state": "failed",
              "speed": null,
              "pass": false,
              "fail": true,
              "pending": false,
              "context": null,
              "code": "cy.get('#board-size').clear().type(6);\ncy.get('#generate-board').click();\ncy.get('.pixel').should('have.length', 36).each(function (pixel) {\n  expect(pixel).to.have.css('background-color', WHITE);\n});",
              "err": {
                "message": "CypressError: Timed out retrying: Expected to find element: '#board-size', but never found it.",
                "estack": "CypressError: Timed out retrying: Expected to find element: '#board-size', but never found it.\n    at cypressErr (http://localhost:46877/__cypress/runner/cypress_runner.js:149934:9)\n    at throwErr (http://localhost:46877/__cypress/runner/cypress_runner.js:149867:11)\n    at Object.throwErrByPath (http://localhost:46877/__cypress/runner/cypress_runner.js:149915:3)\n    at retry (http://localhost:46877/__cypress/runner/cypress_runner.js:144197:19)\n    at onFailFn (http://localhost:46877/__cypress/runner/cypress_runner.js:132448:16)\n    at tryCatcher (http://localhost:46877/__cypress/runner/cypress_runner.js:167415:23)\n    at Promise._settlePromiseFromHandler (http://localhost:46877/__cypress/runner/cypress_runner.js:165351:31)\n    at Promise._settlePromise (http://localhost:46877/__cypress/runner/cypress_runner.js:165408:18)\n    at Promise._settlePromise0 (http://localhost:46877/__cypress/runner/cypress_runner.js:165453:10)\n    at Promise._settlePromises (http://localhost:46877/__cypress/runner/cypress_runner.js:165528:18)\n    at Async../node_modules/bluebird/js/release/async.js.Async._drainQueue (http://localhost:46877/__cypress/runner/cypress_runner.js:162140:16)\n    at Async../node_modules/bluebird/js/release/async.js.Async._drainQueues (http://localhost:46877/__cypress/runner/cypress_runner.js:162150:10)\n    at Async.drainQueues (http://localhost:46877/__cypress/runner/cypress_runner.js:162024:14)",
                "diff": null
              },
              "uuid": "41056b4b-fd7a-4b52-aba6-96bf1e574806",
              "parentUUID": "1236ba6d-645f-4c01-ab9a-21a9b363a199",
              "isHook": false,
              "skipped": false
            }
          ],
          "suites": [],
          "passes": [],
          "failures": [
            "12acef37-a221-4921-9d5a-2899f297e1ff",
            "17657772-6a87-4656-8b8a-a5c71ac7369d",
            "55533d54-8bb9-4dda-99d6-7e69a02ce87f",
            "7c1d49ef-4c4c-4ece-b335-3ea0321a2565",
            "0d163311-3a43-4885-b546-f27bd7dec790",
            "19bb03e8-271f-464a-9290-96cd3f877077",
            "64b45765-f069-4401-a696-0fdb99560499",
            "c0510b07-9aed-4e0c-9924-2c2da340fd23",
            "41056b4b-fd7a-4b52-aba6-96bf1e574806"
          ],
          "pending": [],
          "skipped": [],
          "duration": 40251,
          "root": false,
          "rootEmpty": false,
          "_timeout": 2000
        },
        {
          "uuid": "094df8aa-ef27-4d43-884c-ac92fb8f20e8",
          "title": "11 - Limite o tamanho mínimo e máximo do board.",
          "fullFile": "",
          "file": "",
          "beforeHooks": [],
          "afterHooks": [],
          "tests": [
            {
              "title": "Verifica se a altura máxima do board é 50",
              "fullTitle": "11 - Limite o tamanho mínimo e máximo do board. Verifica se a altura máxima do board é 50",
              "timedOut": null,
              "duration": 4544,
              "state": "failed",
              "speed": null,
              "pass": false,
              "fail": true,
              "pending": false,
              "context": null,
              "code": "cy.get('#board-size').clear().type(50);\ncy.get('#generate-board').click();\ncy.get('.pixel').should('have.length', 2500);",
              "err": {
                "message": "CypressError: Timed out retrying: Expected to find element: '#board-size', but never found it.",
                "estack": "CypressError: Timed out retrying: Expected to find element: '#board-size', but never found it.\n    at cypressErr (http://localhost:46877/__cypress/runner/cypress_runner.js:149934:9)\n    at throwErr (http://localhost:46877/__cypress/runner/cypress_runner.js:149867:11)\n    at Object.throwErrByPath (http://localhost:46877/__cypress/runner/cypress_runner.js:149915:3)\n    at retry (http://localhost:46877/__cypress/runner/cypress_runner.js:144197:19)\n    at onFailFn (http://localhost:46877/__cypress/runner/cypress_runner.js:132448:16)\n    at tryCatcher (http://localhost:46877/__cypress/runner/cypress_runner.js:167415:23)\n    at Promise._settlePromiseFromHandler (http://localhost:46877/__cypress/runner/cypress_runner.js:165351:31)\n    at Promise._settlePromise (http://localhost:46877/__cypress/runner/cypress_runner.js:165408:18)\n    at Promise._settlePromise0 (http://localhost:46877/__cypress/runner/cypress_runner.js:165453:10)\n    at Promise._settlePromises (http://localhost:46877/__cypress/runner/cypress_runner.js:165528:18)\n    at Async../node_modules/bluebird/js/release/async.js.Async._drainQueue (http://localhost:46877/__cypress/runner/cypress_runner.js:162140:16)\n    at Async../node_modules/bluebird/js/release/async.js.Async._drainQueues (http://localhost:46877/__cypress/runner/cypress_runner.js:162150:10)\n    at Async.drainQueues (http://localhost:46877/__cypress/runner/cypress_runner.js:162024:14)",
                "diff": null
              },
              "uuid": "ee9cd535-7985-4ee9-8330-fb79638645a3",
              "parentUUID": "094df8aa-ef27-4d43-884c-ac92fb8f20e8",
              "isHook": false,
              "skipped": false
            },
            {
              "title": "Verifica se a altura do board é 5 quando um valor menor é colocado no input",
              "fullTitle": "11 - Limite o tamanho mínimo e máximo do board. Verifica se a altura do board é 5 quando um valor menor é colocado no input",
              "timedOut": null,
              "duration": 4458,
              "state": "failed",
              "speed": null,
              "pass": false,
              "fail": true,
              "pending": false,
              "context": null,
              "code": "cy.get('#board-size').clear().type(4);\ncy.get('#generate-board').click();\ncy.get('.pixel').should('have.length', 25);",
              "err": {
                "message": "CypressError: Timed out retrying: Expected to find element: '#board-size', but never found it.",
                "estack": "CypressError: Timed out retrying: Expected to find element: '#board-size', but never found it.\n    at cypressErr (http://localhost:46877/__cypress/runner/cypress_runner.js:149934:9)\n    at throwErr (http://localhost:46877/__cypress/runner/cypress_runner.js:149867:11)\n    at Object.throwErrByPath (http://localhost:46877/__cypress/runner/cypress_runner.js:149915:3)\n    at retry (http://localhost:46877/__cypress/runner/cypress_runner.js:144197:19)\n    at onFailFn (http://localhost:46877/__cypress/runner/cypress_runner.js:132448:16)\n    at tryCatcher (http://localhost:46877/__cypress/runner/cypress_runner.js:167415:23)\n    at Promise._settlePromiseFromHandler (http://localhost:46877/__cypress/runner/cypress_runner.js:165351:31)\n    at Promise._settlePromise (http://localhost:46877/__cypress/runner/cypress_runner.js:165408:18)\n    at Promise._settlePromise0 (http://localhost:46877/__cypress/runner/cypress_runner.js:165453:10)\n    at Promise._settlePromises (http://localhost:46877/__cypress/runner/cypress_runner.js:165528:18)\n    at Async../node_modules/bluebird/js/release/async.js.Async._drainQueue (http://localhost:46877/__cypress/runner/cypress_runner.js:162140:16)\n    at Async../node_modules/bluebird/js/release/async.js.Async._drainQueues (http://localhost:46877/__cypress/runner/cypress_runner.js:162150:10)\n    at Async.drainQueues (http://localhost:46877/__cypress/runner/cypress_runner.js:162024:14)",
                "diff": null
              },
              "uuid": "064b2d9e-7450-4096-bc89-3ded531a9c14",
              "parentUUID": "094df8aa-ef27-4d43-884c-ac92fb8f20e8",
              "isHook": false,
              "skipped": false
            },
            {
              "title": "Verifica se a altura do board é 50 quando um valor maior é colocado no input",
              "fullTitle": "11 - Limite o tamanho mínimo e máximo do board. Verifica se a altura do board é 50 quando um valor maior é colocado no input",
              "timedOut": null,
              "duration": 4439,
              "state": "failed",
              "speed": null,
              "pass": false,
              "fail": true,
              "pending": false,
              "context": null,
              "code": "cy.get('#board-size').clear().type(51);\ncy.get('#generate-board').click();\ncy.get('.pixel').should('have.length', 2500);",
              "err": {
                "message": "CypressError: Timed out retrying: Expected to find element: '#board-size', but never found it.",
                "estack": "CypressError: Timed out retrying: Expected to find element: '#board-size', but never found it.\n    at cypressErr (http://localhost:46877/__cypress/runner/cypress_runner.js:149934:9)\n    at throwErr (http://localhost:46877/__cypress/runner/cypress_runner.js:149867:11)\n    at Object.throwErrByPath (http://localhost:46877/__cypress/runner/cypress_runner.js:149915:3)\n    at retry (http://localhost:46877/__cypress/runner/cypress_runner.js:144197:19)\n    at onFailFn (http://localhost:46877/__cypress/runner/cypress_runner.js:132448:16)\n    at tryCatcher (http://localhost:46877/__cypress/runner/cypress_runner.js:167415:23)\n    at Promise._settlePromiseFromHandler (http://localhost:46877/__cypress/runner/cypress_runner.js:165351:31)\n    at Promise._settlePromise (http://localhost:46877/__cypress/runner/cypress_runner.js:165408:18)\n    at Promise._settlePromise0 (http://localhost:46877/__cypress/runner/cypress_runner.js:165453:10)\n    at Promise._settlePromises (http://localhost:46877/__cypress/runner/cypress_runner.js:165528:18)\n    at Async../node_modules/bluebird/js/release/async.js.Async._drainQueue (http://localhost:46877/__cypress/runner/cypress_runner.js:162140:16)\n    at Async../node_modules/bluebird/js/release/async.js.Async._drainQueues (http://localhost:46877/__cypress/runner/cypress_runner.js:162150:10)\n    at Async.drainQueues (http://localhost:46877/__cypress/runner/cypress_runner.js:162024:14)",
                "diff": null
              },
              "uuid": "385d41c2-3767-4550-bbe5-63e3cd860107",
              "parentUUID": "094df8aa-ef27-4d43-884c-ac92fb8f20e8",
              "isHook": false,
              "skipped": false
            }
          ],
          "suites": [],
          "passes": [],
          "failures": [
            "ee9cd535-7985-4ee9-8330-fb79638645a3",
            "064b2d9e-7450-4096-bc89-3ded531a9c14",
            "385d41c2-3767-4550-bbe5-63e3cd860107"
          ],
          "pending": [],
          "skipped": [],
          "duration": 13441,
          "root": false,
          "rootEmpty": false,
          "_timeout": 2000
        },
        {
          "uuid": "0296ff46-8e85-4d3f-8b17-b4b9c0a3e88d",
          "title": "12 - Faça com que as cores da paleta sejam geradas aleatoriamente ao carregar a página.",
          "fullFile": "",
          "file": "",
          "beforeHooks": [],
          "afterHooks": [],
          "tests": [
            {
              "title": "Verifica se as cores geradas na paleta são diferentes a cada carregamento da página",
              "fullTitle": "12 - Faça com que as cores da paleta sejam geradas aleatoriamente ao carregar a página. Verifica se as cores geradas na paleta são diferentes a cada carregamento da página",
              "timedOut": null,
              "duration": 579,
              "state": "failed",
              "speed": null,
              "pass": false,
              "fail": true,
              "pending": false,
              "context": null,
              "code": "cy.get('.color').then(function (colors) {\n  var currentColors;\n  var previousColors;\n  previousColors = Array.from(colors).map(function (color) {\n    return Cypress.$(color).css('background-color');\n  });\n  for (var i = 0; i < 5; i += 1) {\n    cy.reload();\n    cy.get('.color').then(function (colors) {\n      currentColors = Array.from(colors).map(function (color) {\n        return Cypress.$(color).css('background-color');\n      });\n      expect(currentColors).not.to.deep.equal(previousColors);\n      previousColors = currentColors;\n    });\n  }\n});",
              "err": {
                "message": "AssertionError: expected [ Array(4) ] to not deeply equal [ Array(4) ]",
                "estack": "AssertionError: expected [ Array(4) ] to not deeply equal [ Array(4) ]\n    at getRet (http://localhost:46877/__cypress/runner/cypress_runner.js:136585:16)\n    at tryCatcher (http://localhost:46877/__cypress/runner/cypress_runner.js:167415:23)\n    at Function.Promise.attempt.Promise.try (http://localhost:46877/__cypress/runner/cypress_runner.js:164690:29)\n    at Context.thenFn (http://localhost:46877/__cypress/runner/cypress_runner.js:136599:23)\n    at Context.then (http://localhost:46877/__cypress/runner/cypress_runner.js:136971:21)\n    at Context.<anonymous> (http://localhost:46877/__cypress/runner/cypress_runner.js:148875:21)\n    at http://localhost:46877/__cypress/runner/cypress_runner.js:148351:33\n    at tryCatcher (http://localhost:46877/__cypress/runner/cypress_runner.js:167415:23)\n    at Promise._settlePromiseFromHandler (http://localhost:46877/__cypress/runner/cypress_runner.js:165351:31)\n    at Promise._settlePromise (http://localhost:46877/__cypress/runner/cypress_runner.js:165408:18)\n    at Promise._settlePromiseCtx (http://localhost:46877/__cypress/runner/cypress_runner.js:165445:10)\n    at Async../node_modules/bluebird/js/release/async.js.Async._drainQueue (http://localhost:46877/__cypress/runner/cypress_runner.js:162145:12)\n    at Async../node_modules/bluebird/js/release/async.js.Async._drainQueues (http://localhost:46877/__cypress/runner/cypress_runner.js:162150:10)\n    at Async.drainQueues (http://localhost:46877/__cypress/runner/cypress_runner.js:162024:14)",
                "diff": ""
              },
              "uuid": "68af6883-8ec1-4185-a2c4-fbf54a8a5695",
              "parentUUID": "0296ff46-8e85-4d3f-8b17-b4b9c0a3e88d",
              "isHook": false,
              "skipped": false
            },
            {
              "title": "Verifica se a cor preta ainda está presente e é a primeira na sua paleta de cores",
              "fullTitle": "12 - Faça com que as cores da paleta sejam geradas aleatoriamente ao carregar a página. Verifica se a cor preta ainda está presente e é a primeira na sua paleta de cores",
              "timedOut": null,
              "duration": 456,
              "state": "failed",
              "speed": null,
              "pass": false,
              "fail": true,
              "pending": false,
              "context": null,
              "code": "cy.get('.color').then(function (colors) {\n  var currentColors;\n  var previousColors;\n  previousColors = Array.from(colors).map(function (color) {\n    return Cypress.$(color).css('background-color');\n  });\n  expect(previousColors[0]).to.eq(BLACK);\n  for (var i = 0; i < 5; i += 1) {\n    cy.reload();\n    cy.get('.color').then(function (colors) {\n      currentColors = Array.from(colors).map(function (color) {\n        return Cypress.$(color).css('background-color');\n      });\n      expect(currentColors[0]).to.eq(BLACK);\n      expect(currentColors).not.to.deep.equal(previousColors);\n      previousColors = currentColors;\n    });\n  }\n});",
              "err": {
                "message": "AssertionError: expected [ Array(4) ] to not deeply equal [ Array(4) ]",
                "estack": "AssertionError: expected [ Array(4) ] to not deeply equal [ Array(4) ]\n    at getRet (http://localhost:46877/__cypress/runner/cypress_runner.js:136585:16)\n    at tryCatcher (http://localhost:46877/__cypress/runner/cypress_runner.js:167415:23)\n    at Function.Promise.attempt.Promise.try (http://localhost:46877/__cypress/runner/cypress_runner.js:164690:29)\n    at Context.thenFn (http://localhost:46877/__cypress/runner/cypress_runner.js:136599:23)\n    at Context.then (http://localhost:46877/__cypress/runner/cypress_runner.js:136971:21)\n    at Context.<anonymous> (http://localhost:46877/__cypress/runner/cypress_runner.js:148875:21)\n    at http://localhost:46877/__cypress/runner/cypress_runner.js:148351:33\n    at tryCatcher (http://localhost:46877/__cypress/runner/cypress_runner.js:167415:23)\n    at Promise._settlePromiseFromHandler (http://localhost:46877/__cypress/runner/cypress_runner.js:165351:31)\n    at Promise._settlePromise (http://localhost:46877/__cypress/runner/cypress_runner.js:165408:18)\n    at Promise._settlePromiseCtx (http://localhost:46877/__cypress/runner/cypress_runner.js:165445:10)\n    at Async../node_modules/bluebird/js/release/async.js.Async._drainQueue (http://localhost:46877/__cypress/runner/cypress_runner.js:162145:12)\n    at Async../node_modules/bluebird/js/release/async.js.Async._drainQueues (http://localhost:46877/__cypress/runner/cypress_runner.js:162150:10)\n    at Async.drainQueues (http://localhost:46877/__cypress/runner/cypress_runner.js:162024:14)",
                "diff": ""
              },
              "uuid": "471c74b9-baf1-4863-8f23-e2542b3138a9",
              "parentUUID": "0296ff46-8e85-4d3f-8b17-b4b9c0a3e88d",
              "isHook": false,
              "skipped": false
            }
          ],
          "suites": [],
          "passes": [],
          "failures": [
            "68af6883-8ec1-4185-a2c4-fbf54a8a5695",
            "471c74b9-baf1-4863-8f23-e2542b3138a9"
          ],
          "pending": [],
          "skipped": [],
          "duration": 1035,
          "root": false,
          "rootEmpty": false,
          "_timeout": 2000
        }
      ],
      "passes": [],
      "failures": [],
      "pending": [],
      "skipped": [],
      "duration": 0,
      "root": true,
      "rootEmpty": true,
      "_timeout": 2000
    }
  ],
  "meta": {
    "mocha": {
      "version": "7.0.1"
    },
    "mochawesome": {
      "options": {
        "quiet": false,
        "reportFilename": "mochawesome",
        "saveHtml": false,
        "saveJson": true,
        "consoleReporter": "spec",
        "useInlineDiffs": false
      },
      "version": "4.1.0"
    },
    "marge": {
      "options": {
        "id": "default",
        "reportDir": "cypress/reports",
        "overwrite": true,
        "html": false,
        "json": true
      },
      "version": "4.1.0"
    }
  }
}